<?xml version="1.0" encoding="UTF-8"?>
<testsuite name="Insertion_sortTest" tests="1" skipped="0" failures="0" errors="0" timestamp="2020-11-18T00:38:34" hostname="DESKTOP-VAL3U2F" time="0.002">
  <properties/>
  <testcase name="test1" classname="Insertion_sortTest" time="0.002"/>
  <system-out><![CDATA[]]></system-out>
  <system-err><![CDATA[]]></system-err>
</testsuite>
