<?xml version="1.0" encoding="UTF-8"?>
<testsuite name="Insertion_sortTest" tests="2" skipped="0" failures="0" errors="0" timestamp="2020-11-19T00:49:19" hostname="DESKTOP-VAL3U2F" time="0.004">
  <properties/>
  <testcase name="basicsorttest" classname="Insertion_sortTest" time="0.003"/>
  <testcase name="stagetest" classname="Insertion_sortTest" time="0.0"/>
  <system-out><![CDATA[]]></system-out>
  <system-err><![CDATA[]]></system-err>
</testsuite>
